<?xml version="1.0" encoding="UTF-8"?>
<testsuite xmlns:xsi="http://www.w3.org/2001/XMLSchema-instance" xsi:noNamespaceSchemaLocation="https://maven.apache.org/surefire/maven-surefire-plugin/xsd/surefire-test-report.xsd" name="package_tree.message.MessageHandlerTest" time="0.17" tests="8" errors="0" skipped="0" failures="0">
  <properties>
    <property name="awt.toolkit" value="sun.lwawt.macosx.LWCToolkit"/>
    <property name="java.specification.version" value="12"/>
    <property name="sun.jnu.encoding" value="UTF-8"/>
    <property name="java.class.path" value="/Users/elana/Documents/rc/digitalocean/package_tree/target/test-classes:/Users/elana/Documents/rc/digitalocean/package_tree/target/classes:/Users/elana/.m2/repository/org/junit/jupiter/junit-jupiter/5.4.0-M1/junit-jupiter-5.4.0-M1.jar:/Users/elana/.m2/repository/org/apiguardian/apiguardian-api/1.0.0/apiguardian-api-1.0.0.jar:/Users/elana/.m2/repository/org/junit/jupiter/junit-jupiter-api/5.4.0-M1/junit-jupiter-api-5.4.0-M1.jar:/Users/elana/.m2/repository/org/opentest4j/opentest4j/1.1.1/opentest4j-1.1.1.jar:/Users/elana/.m2/repository/org/junit/platform/junit-platform-commons/1.4.0-M1/junit-platform-commons-1.4.0-M1.jar:/Users/elana/.m2/repository/org/junit/jupiter/junit-jupiter-params/5.4.0-M1/junit-jupiter-params-5.4.0-M1.jar:/Users/elana/.m2/repository/org/junit/jupiter/junit-jupiter-engine/5.4.0-M1/junit-jupiter-engine-5.4.0-M1.jar:/Users/elana/.m2/repository/org/junit/platform/junit-platform-engine/1.4.0-M1/junit-platform-engine-1.4.0-M1.jar:"/>
    <property name="java.vm.vendor" value="Oracle Corporation"/>
    <property name="sun.arch.data.model" value="64"/>
    <property name="java.vendor.url" value="https://java.oracle.com/"/>
    <property name="os.name" value="Mac OS X"/>
    <property name="java.vm.specification.version" value="12"/>
    <property name="sun.java.launcher" value="SUN_STANDARD"/>
    <property name="user.country" value="US"/>
    <property name="sun.boot.library.path" value="/Library/Java/JavaVirtualMachines/jdk-12.0.1.jdk/Contents/Home/lib"/>
    <property name="sun.java.command" value="/Users/elana/Documents/rc/digitalocean/package_tree/target/surefire/surefirebooter12690427232693355787.jar /Users/elana/Documents/rc/digitalocean/package_tree/target/surefire 2019-08-22T17-23-06_506-jvmRun1 surefire4011053599933948773tmp surefire_09958592602795619591tmp"/>
    <property name="http.nonProxyHosts" value="local|*.local|169.254/16|*.169.254/16"/>
    <property name="jdk.debug" value="release"/>
    <property name="surefire.test.class.path" value="/Users/elana/Documents/rc/digitalocean/package_tree/target/test-classes:/Users/elana/Documents/rc/digitalocean/package_tree/target/classes:/Users/elana/.m2/repository/org/junit/jupiter/junit-jupiter/5.4.0-M1/junit-jupiter-5.4.0-M1.jar:/Users/elana/.m2/repository/org/apiguardian/apiguardian-api/1.0.0/apiguardian-api-1.0.0.jar:/Users/elana/.m2/repository/org/junit/jupiter/junit-jupiter-api/5.4.0-M1/junit-jupiter-api-5.4.0-M1.jar:/Users/elana/.m2/repository/org/opentest4j/opentest4j/1.1.1/opentest4j-1.1.1.jar:/Users/elana/.m2/repository/org/junit/platform/junit-platform-commons/1.4.0-M1/junit-platform-commons-1.4.0-M1.jar:/Users/elana/.m2/repository/org/junit/jupiter/junit-jupiter-params/5.4.0-M1/junit-jupiter-params-5.4.0-M1.jar:/Users/elana/.m2/repository/org/junit/jupiter/junit-jupiter-engine/5.4.0-M1/junit-jupiter-engine-5.4.0-M1.jar:/Users/elana/.m2/repository/org/junit/platform/junit-platform-engine/1.4.0-M1/junit-platform-engine-1.4.0-M1.jar:"/>
    <property name="sun.cpu.endian" value="little"/>
    <property name="user.home" value="/Users/elana"/>
    <property name="user.language" value="en"/>
    <property name="java.specification.vendor" value="Oracle Corporation"/>
    <property name="java.version.date" value="2019-04-16"/>
    <property name="java.home" value="/Library/Java/JavaVirtualMachines/jdk-12.0.1.jdk/Contents/Home"/>
    <property name="file.separator" value="/"/>
    <property name="basedir" value="/Users/elana/Documents/rc/digitalocean/package_tree"/>
    <property name="java.vm.compressedOopsMode" value="Zero based"/>
    <property name="line.separator" value="&#10;"/>
    <property name="java.specification.name" value="Java Platform API Specification"/>
    <property name="java.vm.specification.vendor" value="Oracle Corporation"/>
    <property name="java.awt.graphicsenv" value="sun.awt.CGraphicsEnvironment"/>
    <property name="surefire.real.class.path" value="/Users/elana/Documents/rc/digitalocean/package_tree/target/surefire/surefirebooter12690427232693355787.jar"/>
    <property name="sun.management.compiler" value="HotSpot 64-Bit Tiered Compilers"/>
    <property name="ftp.nonProxyHosts" value="local|*.local|169.254/16|*.169.254/16"/>
    <property name="java.runtime.version" value="12.0.1+12"/>
    <property name="user.name" value="elana"/>
    <property name="path.separator" value=":"/>
    <property name="os.version" value="10.12.6"/>
    <property name="java.runtime.name" value="OpenJDK Runtime Environment"/>
    <property name="file.encoding" value="UTF-8"/>
    <property name="java.vm.name" value="OpenJDK 64-Bit Server VM"/>
    <property name="localRepository" value="/Users/elana/.m2/repository"/>
    <property name="java.vendor.url.bug" value="https://bugreport.java.com/bugreport/"/>
    <property name="java.io.tmpdir" value="/var/folders/z4/_mgypzs94rx2nvwmvppq4w300000gn/T/"/>
    <property name="java.version" value="12.0.1"/>
    <property name="user.dir" value="/Users/elana/Documents/rc/digitalocean/package_tree"/>
    <property name="os.arch" value="x86_64"/>
    <property name="java.vm.specification.name" value="Java Virtual Machine Specification"/>
    <property name="java.library.path" value="/Users/elana/Library/Java/Extensions:/Library/Java/Extensions:/Network/Library/Java/Extensions:/System/Library/Java/Extensions:/usr/lib/java:."/>
    <property name="java.vm.info" value="mixed mode, sharing"/>
    <property name="java.vendor" value="Oracle Corporation"/>
    <property name="java.vm.version" value="12.0.1+12"/>
    <property name="sun.io.unicode.encoding" value="UnicodeBig"/>
    <property name="socksNonProxyHosts" value="local|*.local|169.254/16|*.169.254/16"/>
    <property name="java.class.version" value="56.0"/>
  </properties>
  <testcase name="returnOkForValidMessage{String}[1]" classname="package_tree.message.MessageHandlerTest" time="0.05"/>
  <testcase name="returnErrorForInvalidMessage{String}[1]" classname="package_tree.message.MessageHandlerTest" time="0.001"/>
  <testcase name="returnErrorForInvalidMessage{String}[2]" classname="package_tree.message.MessageHandlerTest" time="0.004"/>
  <testcase name="returnErrorForInvalidMessage{String}[3]" classname="package_tree.message.MessageHandlerTest" time="0.001"/>
  <testcase name="returnErrorForInvalidMessage{String}[4]" classname="package_tree.message.MessageHandlerTest" time="0.001"/>
  <testcase name="returnErrorForInvalidMessage{String}[5]" classname="package_tree.message.MessageHandlerTest" time="0.001"/>
  <testcase name="returnErrorForInvalidMessage{String}[6]" classname="package_tree.message.MessageHandlerTest" time="0.001"/>
  <testcase name="returnErrorForInvalidMessage{String}[7]" classname="package_tree.message.MessageHandlerTest" time="0"/>
</testsuite>